::1 - - [03/Oct/2019:09:10:14 +0700] "POST /loc_danh_sach_khach_hang_ss2.php HTTP/1.1" 200 819 "http://localhost/loc_danh_sach_khach_hang_ss2.php" "Mozilla/5.0 (X11; Linux x86_64) AppleWebKit/537.36 (KHTML, like Gecko) Chrome/77.0.3865.90 Safari/537.36"
::1 - - [03/Oct/2019:09:10:16 +0700] "POST /loc_danh_sach_khach_hang_ss2.php HTTP/1.1" 200 818 "http://localhost/loc_danh_sach_khach_hang_ss2.php" "Mozilla/5.0 (X11; Linux x86_64) AppleWebKit/537.36 (KHTML, like Gecko) Chrome/77.0.3865.90 Safari/537.36"
::1 - - [03/Oct/2019:09:10:21 +0700] "POST /loc_danh_sach_khach_hang_ss2.php HTTP/1.1" 200 839 "http://localhost/loc_danh_sach_khach_hang_ss2.php" "Mozilla/5.0 (X11; Linux x86_64) AppleWebKit/537.36 (KHTML, like Gecko) Chrome/77.0.3865.90 Safari/537.36"
::1 - - [03/Oct/2019:09:11:09 +0700] "POST /loc_danh_sach_khach_hang_ss2.php HTTP/1.1" 200 838 "http://localhost/loc_danh_sach_khach_hang_ss2.php" "Mozilla/5.0 (X11; Linux x86_64) AppleWebKit/537.36 (KHTML, like Gecko) Chrome/77.0.3865.90 Safari/537.36"
::1 - - [03/Oct/2019:09:11:13 +0700] "POST /loc_danh_sach_khach_hang_ss2.php HTTP/1.1" 200 842 "http://localhost/loc_danh_sach_khach_hang_ss2.php" "Mozilla/5.0 (X11; Linux x86_64) AppleWebKit/537.36 (KHTML, like Gecko) Chrome/77.0.3865.90 Safari/537.36"
::1 - - [03/Oct/2019:09:16:19 +0700] "POST /loc_danh_sach_khach_hang_ss2.php HTTP/1.1" 200 845 "http://localhost/loc_danh_sach_khach_hang_ss2.php" "Mozilla/5.0 (X11; Linux x86_64) AppleWebKit/537.36 (KHTML, like Gecko) Chrome/77.0.3865.90 Safari/537.36"
::1 - - [03/Oct/2019:09:16:24 +0700] "POST /loc_danh_sach_khach_hang_ss2.php HTTP/1.1" 200 845 "http://localhost/loc_danh_sach_khach_hang_ss2.php" "Mozilla/5.0 (X11; Linux x86_64) AppleWebKit/537.36 (KHTML, like Gecko) Chrome/77.0.3865.90 Safari/537.36"
::1 - - [03/Oct/2019:09:16:25 +0700] "POST /loc_danh_sach_khach_hang_ss2.php HTTP/1.1" 200 844 "http://localhost/loc_danh_sach_khach_hang_ss2.php" "Mozilla/5.0 (X11; Linux x86_64) AppleWebKit/537.36 (KHTML, like Gecko) Chrome/77.0.3865.90 Safari/537.36"
::1 - - [03/Oct/2019:09:16:26 +0700] "POST /loc_danh_sach_khach_hang_ss2.php HTTP/1.1" 200 844 "http://localhost/loc_danh_sach_khach_hang_ss2.php" "Mozilla/5.0 (X11; Linux x86_64) AppleWebKit/537.36 (KHTML, like Gecko) Chrome/77.0.3865.90 Safari/537.36"
::1 - - [03/Oct/2019:09:16:26 +0700] "POST /loc_danh_sach_khach_hang_ss2.php HTTP/1.1" 200 844 "http://localhost/loc_danh_sach_khach_hang_ss2.php" "Mozilla/5.0 (X11; Linux x86_64) AppleWebKit/537.36 (KHTML, like Gecko) Chrome/77.0.3865.90 Safari/537.36"
::1 - - [03/Oct/2019:09:16:34 +0700] "POST /loc_danh_sach_khach_hang_ss2.php HTTP/1.1" 200 840 "http://localhost/loc_danh_sach_khach_hang_ss2.php" "Mozilla/5.0 (X11; Linux x86_64) AppleWebKit/537.36 (KHTML, like Gecko) Chrome/77.0.3865.90 Safari/537.36"
::1 - - [03/Oct/2019:09:17:15 +0700] "POST /loc_danh_sach_khach_hang_ss2.php HTTP/1.1" 200 838 "http://localhost/loc_danh_sach_khach_hang_ss2.php" "Mozilla/5.0 (X11; Linux x86_64) AppleWebKit/537.36 (KHTML, like Gecko) Chrome/77.0.3865.90 Safari/537.36"
::1 - - [03/Oct/2019:09:17:55 +0700] "POST /loc_danh_sach_khach_hang_ss2.php HTTP/1.1" 200 792 "http://localhost/loc_danh_sach_khach_hang_ss2.php" "Mozilla/5.0 (X11; Linux x86_64) AppleWebKit/537.36 (KHTML, like Gecko) Chrome/77.0.3865.90 Safari/537.36"
::1 - - [03/Oct/2019:09:18:14 +0700] "POST /loc_danh_sach_khach_hang_ss2.php HTTP/1.1" 200 838 "http://localhost/loc_danh_sach_khach_hang_ss2.php" "Mozilla/5.0 (X11; Linux x86_64) AppleWebKit/537.36 (KHTML, like Gecko) Chrome/77.0.3865.90 Safari/537.36"
::1 - - [03/Oct/2019:09:37:13 +0700] "GET /loc_danh_sach_khach_hang_ss2.php HTTP/1.1" 200 1038 "-" "Mozilla/5.0 (X11; Linux x86_64) AppleWebKit/537.36 (KHTML, like Gecko) Chrome/77.0.3865.90 Safari/537.36"
::1 - - [03/Oct/2019:09:37:20 +0700] "POST /loc_danh_sach_khach_hang_ss2.php HTTP/1.1" 200 964 "http://localhost/loc_danh_sach_khach_hang_ss2.php" "Mozilla/5.0 (X11; Linux x86_64) AppleWebKit/537.36 (KHTML, like Gecko) Chrome/77.0.3865.90 Safari/537.36"
::1 - - [03/Oct/2019:09:37:44 +0700] "POST /loc_danh_sach_khach_hang_ss2.php HTTP/1.1" 200 1038 "http://localhost/loc_danh_sach_khach_hang_ss2.php" "Mozilla/5.0 (X11; Linux x86_64) AppleWebKit/537.36 (KHTML, like Gecko) Chrome/77.0.3865.90 Safari/537.36"
::1 - - [03/Oct/2019:09:39:35 +0700] "POST /loc_danh_sach_khach_hang_ss2.php HTTP/1.1" 200 1038 "http://localhost/loc_danh_sach_khach_hang_ss2.php" "Mozilla/5.0 (X11; Linux x86_64) AppleWebKit/537.36 (KHTML, like Gecko) Chrome/77.0.3865.90 Safari/537.36"
::1 - - [03/Oct/2019:09:39:36 +0700] "POST /loc_danh_sach_khach_hang_ss2.php HTTP/1.1" 200 1037 "http://localhost/loc_danh_sach_khach_hang_ss2.php" "Mozilla/5.0 (X11; Linux x86_64) AppleWebKit/537.36 (KHTML, like Gecko) Chrome/77.0.3865.90 Safari/537.36"
::1 - - [03/Oct/2019:09:39:36 +0700] "POST /loc_danh_sach_khach_hang_ss2.php HTTP/1.1" 200 1037 "http://localhost/loc_danh_sach_khach_hang_ss2.php" "Mozilla/5.0 (X11; Linux x86_64) AppleWebKit/537.36 (KHTML, like Gecko) Chrome/77.0.3865.90 Safari/537.36"
::1 - - [03/Oct/2019:09:39:39 +0700] "POST /loc_danh_sach_khach_hang_ss2.php HTTP/1.1" 200 1037 "http://localhost/loc_danh_sach_khach_hang_ss2.php" "Mozilla/5.0 (X11; Linux x86_64) AppleWebKit/537.36 (KHTML, like Gecko) Chrome/77.0.3865.90 Safari/537.36"
::1 - - [03/Oct/2019:09:39:42 +0700] "POST /loc_danh_sach_khach_hang_ss2.php HTTP/1.1" 200 1037 "http://localhost/loc_danh_sach_khach_hang_ss2.php" "Mozilla/5.0 (X11; Linux x86_64) AppleWebKit/537.36 (KHTML, like Gecko) Chrome/77.0.3865.90 Safari/537.36"
::1 - - [03/Oct/2019:09:39:43 +0700] "POST /loc_danh_sach_khach_hang_ss2.php HTTP/1.1" 200 1037 "http://localhost/loc_danh_sach_khach_hang_ss2.php" "Mozilla/5.0 (X11; Linux x86_64) AppleWebKit/537.36 (KHTML, like Gecko) Chrome/77.0.3865.90 Safari/537.36"
::1 - - [03/Oct/2019:09:39:50 +0700] "POST /loc_danh_sach_khach_hang_ss2.php HTTP/1.1" 200 897 "http://localhost/loc_danh_sach_khach_hang_ss2.php" "Mozilla/5.0 (X11; Linux x86_64) AppleWebKit/537.36 (KHTML, like Gecko) Chrome/77.0.3865.90 Safari/537.36"
::1 - - [03/Oct/2019:09:39:52 +0700] "POST /loc_danh_sach_khach_hang_ss2.php HTTP/1.1" 200 896 "http://localhost/loc_danh_sach_khach_hang_ss2.php" "Mozilla/5.0 (X11; Linux x86_64) AppleWebKit/537.36 (KHTML, like Gecko) Chrome/77.0.3865.90 Safari/537.36"
::1 - - [03/Oct/2019:09:40:18 +0700] "POST /loc_danh_sach_khach_hang_ss2.php HTTP/1.1" 200 963 "http://localhost/loc_danh_sach_khach_hang_ss2.php" "Mozilla/5.0 (X11; Linux x86_64) AppleWebKit/537.36 (KHTML, like Gecko) Chrome/77.0.3865.90 Safari/537.36"
::1 - - [03/Oct/2019:09:52:47 +0700] "POST /loc_danh_sach_khach_hang_ss2.php HTTP/1.1" 500 185 "http://localhost/loc_danh_sach_khach_hang_ss2.php" "Mozilla/5.0 (X11; Linux x86_64) AppleWebKit/537.36 (KHTML, like Gecko) Chrome/77.0.3865.90 Safari/537.36"
::1 - - [03/Oct/2019:09:55:00 +0700] "POST /loc_danh_sach_khach_hang_ss2.php HTTP/1.1" 200 968 "http://localhost/loc_danh_sach_khach_hang_ss2.php" "Mozilla/5.0 (X11; Linux x86_64) AppleWebKit/537.36 (KHTML, like Gecko) Chrome/77.0.3865.90 Safari/537.36"
::1 - - [03/Oct/2019:10:54:52 +0700] "GET /tao_layout_cho_trang_web/index.php HTTP/1.1" 200 681 "-" "Mozilla/5.0 (X11; Linux x86_64) AppleWebKit/537.36 (KHTML, like Gecko) Chrome/77.0.3865.90 Safari/537.36"
::1 - - [03/Oct/2019:10:54:52 +0700] "GET /tao_layout_cho_trang_web/style.css HTTP/1.1" 200 585 "http://localhost/tao_layout_cho_trang_web/index.php" "Mozilla/5.0 (X11; Linux x86_64) AppleWebKit/537.36 (KHTML, like Gecko) Chrome/77.0.3865.90 Safari/537.36"
::1 - - [03/Oct/2019:10:55:44 +0700] "-" 408 0 "-" "-"
::1 - - [03/Oct/2019:10:59:01 +0700] "GET /tao_layout_cho_trang_web/index.php HTTP/1.1" 200 1206 "-" "Mozilla/5.0 (X11; Linux x86_64) AppleWebKit/537.36 (KHTML, like Gecko) Chrome/77.0.3865.90 Safari/537.36"
::1 - - [03/Oct/2019:10:59:01 +0700] "GET /tao_layout_cho_trang_web/style.css HTTP/1.1" 200 585 "http://localhost/tao_layout_cho_trang_web/index.php" "Mozilla/5.0 (X11; Linux x86_64) AppleWebKit/537.36 (KHTML, like Gecko) Chrome/77.0.3865.90 Safari/537.36"
::1 - - [03/Oct/2019:10:59:42 +0700] "GET /tao_layout_cho_trang_web/index.php HTTP/1.1" 200 1205 "-" "Mozilla/5.0 (X11; Linux x86_64) AppleWebKit/537.36 (KHTML, like Gecko) Chrome/77.0.3865.90 Safari/537.36"
::1 - - [03/Oct/2019:11:00:34 +0700] "-" 408 0 "-" "-"
::1 - - [03/Oct/2019:11:02:56 +0700] "GET /tao_layout_cho_trang_web/index.php HTTP/1.1" 200 1202 "-" "Mozilla/5.0 (X11; Linux x86_64) AppleWebKit/537.36 (KHTML, like Gecko) Chrome/77.0.3865.90 Safari/537.36"
::1 - - [03/Oct/2019:11:02:56 +0700] "GET /tao_layout_cho_trang_web/style.css HTTP/1.1" 200 587 "http://localhost/tao_layout_cho_trang_web/index.php" "Mozilla/5.0 (X11; Linux x86_64) AppleWebKit/537.36 (KHTML, like Gecko) Chrome/77.0.3865.90 Safari/537.36"
::1 - - [03/Oct/2019:11:02:57 +0700] "GET /tao_layout_cho_trang_web/index.php HTTP/1.1" 200 1201 "-" "Mozilla/5.0 (X11; Linux x86_64) AppleWebKit/537.36 (KHTML, like Gecko) Chrome/77.0.3865.90 Safari/537.36"
::1 - - [03/Oct/2019:11:02:57 +0700] "GET /tao_layout_cho_trang_web/style.css HTTP/1.1" 200 587 "http://localhost/tao_layout_cho_trang_web/index.php" "Mozilla/5.0 (X11; Linux x86_64) AppleWebKit/537.36 (KHTML, like Gecko) Chrome/77.0.3865.90 Safari/537.36"
::1 - - [03/Oct/2019:11:02:57 +0700] "GET /tao_layout_cho_trang_web/index.php HTTP/1.1" 200 1201 "-" "Mozilla/5.0 (X11; Linux x86_64) AppleWebKit/537.36 (KHTML, like Gecko) Chrome/77.0.3865.90 Safari/537.36"
::1 - - [03/Oct/2019:11:02:57 +0700] "GET /tao_layout_cho_trang_web/style.css HTTP/1.1" 200 587 "http://localhost/tao_layout_cho_trang_web/index.php" "Mozilla/5.0 (X11; Linux x86_64) AppleWebKit/537.36 (KHTML, like Gecko) Chrome/77.0.3865.90 Safari/537.36"
::1 - - [03/Oct/2019:11:02:57 +0700] "GET /tao_layout_cho_trang_web/index.php HTTP/1.1" 200 1201 "-" "Mozilla/5.0 (X11; Linux x86_64) AppleWebKit/537.36 (KHTML, like Gecko) Chrome/77.0.3865.90 Safari/537.36"
::1 - - [03/Oct/2019:11:02:57 +0700] "GET /tao_layout_cho_trang_web/style.css HTTP/1.1" 200 587 "http://localhost/tao_layout_cho_trang_web/index.php" "Mozilla/5.0 (X11; Linux x86_64) AppleWebKit/537.36 (KHTML, like Gecko) Chrome/77.0.3865.90 Safari/537.36"
::1 - - [03/Oct/2019:11:03:39 +0700] "GET /tao_layout_cho_trang_web/index.php HTTP/1.1" 200 1202 "-" "Mozilla/5.0 (X11; Linux x86_64) AppleWebKit/537.36 (KHTML, like Gecko) Chrome/77.0.3865.90 Safari/537.36"
::1 - - [03/Oct/2019:11:03:39 +0700] "GET /tao_layout_cho_trang_web/style.css HTTP/1.1" 200 589 "http://localhost/tao_layout_cho_trang_web/index.php" "Mozilla/5.0 (X11; Linux x86_64) AppleWebKit/537.36 (KHTML, like Gecko) Chrome/77.0.3865.90 Safari/537.36"
::1 - - [03/Oct/2019:11:03:47 +0700] "GET /tao_layout_cho_trang_web/index.php HTTP/1.1" 200 1202 "-" "Mozilla/5.0 (X11; Linux x86_64) AppleWebKit/537.36 (KHTML, like Gecko) Chrome/77.0.3865.90 Safari/537.36"
::1 - - [03/Oct/2019:11:03:47 +0700] "GET /tao_layout_cho_trang_web/style.css HTTP/1.1" 200 588 "http://localhost/tao_layout_cho_trang_web/index.php" "Mozilla/5.0 (X11; Linux x86_64) AppleWebKit/537.36 (KHTML, like Gecko) Chrome/77.0.3865.90 Safari/537.36"
::1 - - [03/Oct/2019:11:03:58 +0700] "GET /tao_layout_cho_trang_web/index.php HTTP/1.1" 200 1202 "-" "Mozilla/5.0 (X11; Linux x86_64) AppleWebKit/537.36 (KHTML, like Gecko) Chrome/77.0.3865.90 Safari/537.36"
::1 - - [03/Oct/2019:11:03:58 +0700] "GET /tao_layout_cho_trang_web/style.css HTTP/1.1" 200 589 "http://localhost/tao_layout_cho_trang_web/index.php" "Mozilla/5.0 (X11; Linux x86_64) AppleWebKit/537.36 (KHTML, like Gecko) Chrome/77.0.3865.90 Safari/537.36"
::1 - - [03/Oct/2019:11:04:50 +0700] "-" 408 0 "-" "-"
::1 - - [03/Oct/2019:11:08:17 +0700] "GET /tao_layout_cho_trang_web/index.php HTTP/1.1" 200 1759 "-" "Mozilla/5.0 (X11; Linux x86_64) AppleWebKit/537.36 (KHTML, like Gecko) Chrome/77.0.3865.90 Safari/537.36"
::1 - - [03/Oct/2019:11:08:17 +0700] "GET /tao_layout_cho_trang_web/style.css HTTP/1.1" 200 587 "http://localhost/tao_layout_cho_trang_web/index.php" "Mozilla/5.0 (X11; Linux x86_64) AppleWebKit/537.36 (KHTML, like Gecko) Chrome/77.0.3865.90 Safari/537.36"
::1 - - [03/Oct/2019:11:09:09 +0700] "-" 408 0 "-" "-"
::1 - - [03/Oct/2019:11:21:58 +0700] "GET /loc_danh_sach_khach_hang_ss2.php HTTP/1.1" 200 1045 "-" "Mozilla/5.0 (X11; Linux x86_64) AppleWebKit/537.36 (KHTML, like Gecko) Chrome/77.0.3865.90 Safari/537.36"
::1 - - [03/Oct/2019:11:22:49 +0700] "-" 408 0 "-" "-"
::1 - - [03/Oct/2019:11:24:40 +0700] "GET /tao_layout_cho_trang_web/index.php HTTP/1.1" 200 1755 "-" "Mozilla/5.0 (X11; Linux x86_64) AppleWebKit/537.36 (KHTML, like Gecko) Chrome/77.0.3865.90 Safari/537.36"
::1 - - [03/Oct/2019:11:24:40 +0700] "GET /tao_layout_cho_trang_web/style.css HTTP/1.1" 200 587 "http://localhost/tao_layout_cho_trang_web/index.php" "Mozilla/5.0 (X11; Linux x86_64) AppleWebKit/537.36 (KHTML, like Gecko) Chrome/77.0.3865.90 Safari/537.36"
::1 - - [03/Oct/2019:11:25:32 +0700] "-" 408 0 "-" "-"
